{"E:\\Microverse Program starts\\Module 2\\Week 3\\List-of-to-do-task\\unit test\\mocks\\documentMock.js": {"path":"E:\\Microverse Program starts\\Module 2\\Week 3\\List-of-to-do-task\\unit test\\mocks\\documentMock.js","statementMap":{"0":{"start":{"line":1,"column":27},"end":{"line":8,"column":1}},"1":{"start":{"line":2,"column":2},"end":{"line":7,"column":4}}},"fnMap":{"0":{"name":"(anonymous_0)","decl":{"start":{"line":1,"column":27},"end":{"line":1,"column":28}},"loc":{"start":{"line":1,"column":38},"end":{"line":8,"column":1}},"line":1}},"branchMap":{},"s":{"0":1,"1":1},"f":{"0":1},"b":{},"_coverageSchema":"1a1c01bbd47fc00a2c39e90264f33305004495a9","hash":"e90d38ba5e82a229c2cadde6874bec32b7ff4573"}
}
